/*C14*/SET SCHEMA PUBLIC
DELETE FROM CUSTOMER WHERE ID=1
DELETE FROM CUSTOMER WHERE ID=2
DELETE FROM SALE WHERE ID=1
DELETE FROM SALE WHERE ID=2
DELETE FROM ADDRESS WHERE ID=1
DELETE FROM ADDRESS WHERE ID=2
DELETE FROM ADDRESS WHERE ID=3
DELETE FROM SALEDELIVERY WHERE ID=1
DELETE FROM SALEDELIVERY WHERE ID=2
DELETE FROM SALEDELIVERY WHERE ID=21
INSERT INTO CUSTOMER VALUES(1,'JOSE FARIA',914276732,197672337)
INSERT INTO CUSTOMER VALUES(2,'LUIS SANTOS',964294317,168027852)
INSERT INTO SALE VALUES(1,'2018-02-02',0.0E0,'O',197672337)
INSERT INTO SALE VALUES(2,'2017-04-25',0.0E0,'O',197672337)
COMMIT
DISCONNECT
/*C13*/SET SCHEMA PUBLIC
INSERT INTO SALE VALUES(46,'2018-05-22',0.0E0,'O',197672337)
COMMIT
/*C15*/SET SCHEMA PUBLIC
DELETE FROM CUSTOMER WHERE ID=1
DELETE FROM CUSTOMER WHERE ID=2
DELETE FROM SALE WHERE ID=1
DELETE FROM SALE WHERE ID=2
DELETE FROM SALE WHERE ID=46
INSERT INTO CUSTOMER VALUES(1,'JOSE FARIA',914276732,197672337)
INSERT INTO CUSTOMER VALUES(2,'LUIS SANTOS',964294317,168027852)
INSERT INTO SALE VALUES(1,'2018-02-02',0.0E0,'O',197672337)
INSERT INTO SALE VALUES(2,'2017-04-25',0.0E0,'O',197672337)
COMMIT
DISCONNECT
/*C13*/INSERT INTO SALE VALUES(47,'2018-05-22',0.0E0,'O',197672337)
COMMIT
/*C16*/SET SCHEMA PUBLIC
DELETE FROM CUSTOMER WHERE ID=1
DELETE FROM CUSTOMER WHERE ID=2
DELETE FROM SALE WHERE ID=1
DELETE FROM SALE WHERE ID=2
DELETE FROM SALE WHERE ID=47
INSERT INTO CUSTOMER VALUES(1,'JOSE FARIA',914276732,197672337)
INSERT INTO CUSTOMER VALUES(2,'LUIS SANTOS',964294317,168027852)
INSERT INTO SALE VALUES(1,'2018-02-02',0.0E0,'O',197672337)
INSERT INTO SALE VALUES(2,'2017-04-25',0.0E0,'O',197672337)
COMMIT
DISCONNECT
/*C17*/SET SCHEMA PUBLIC
DELETE FROM CUSTOMER WHERE ID=1
DELETE FROM CUSTOMER WHERE ID=2
DELETE FROM SALE WHERE ID=1
DELETE FROM SALE WHERE ID=2
INSERT INTO CUSTOMER VALUES(1,'JOSE FARIA',914276732,197672337)
INSERT INTO CUSTOMER VALUES(2,'LUIS SANTOS',964294317,168027852)
INSERT INTO SALE VALUES(1,'2018-02-02',0.0E0,'O',197672337)
INSERT INTO SALE VALUES(2,'2017-04-25',0.0E0,'O',197672337)
COMMIT
DISCONNECT
/*C18*/SET SCHEMA PUBLIC
DELETE FROM CUSTOMER WHERE ID=1
DELETE FROM CUSTOMER WHERE ID=2
DELETE FROM SALE WHERE ID=1
DELETE FROM SALE WHERE ID=2
INSERT INTO CUSTOMER VALUES(1,'JOSE FARIA',914276732,197672337)
INSERT INTO CUSTOMER VALUES(2,'LUIS SANTOS',964294317,168027852)
INSERT INTO SALE VALUES(1,'2018-02-02',0.0E0,'O',197672337)
INSERT INTO SALE VALUES(2,'2017-04-25',0.0E0,'O',197672337)
COMMIT
DISCONNECT
/*C13*/DELETE FROM CUSTOMER WHERE ID=1
COMMIT
DELETE FROM SALE WHERE ID=1
COMMIT
DELETE FROM SALE WHERE ID=2
COMMIT
INSERT INTO CUSTOMER VALUES(48,'JOSE FARIA',914276732,197672337)
COMMIT
/*C19*/SET SCHEMA PUBLIC
DELETE FROM CUSTOMER WHERE ID=2
DELETE FROM CUSTOMER WHERE ID=48
INSERT INTO CUSTOMER VALUES(1,'JOSE FARIA',914276732,197672337)
INSERT INTO CUSTOMER VALUES(2,'LUIS SANTOS',964294317,168027852)
INSERT INTO SALE VALUES(1,'2018-02-02',0.0E0,'O',197672337)
INSERT INTO SALE VALUES(2,'2017-04-25',0.0E0,'O',197672337)
COMMIT
DISCONNECT
/*C13*/DELETE FROM CUSTOMER WHERE ID=1
COMMIT
DELETE FROM SALE WHERE ID=1
COMMIT
DELETE FROM SALE WHERE ID=2
COMMIT
DELETE FROM CUSTOMER WHERE ID=2
COMMIT
/*C20*/SET SCHEMA PUBLIC
INSERT INTO CUSTOMER VALUES(1,'JOSE FARIA',914276732,197672337)
INSERT INTO CUSTOMER VALUES(2,'LUIS SANTOS',964294317,168027852)
INSERT INTO SALE VALUES(1,'2018-02-02',0.0E0,'O',197672337)
INSERT INTO SALE VALUES(2,'2017-04-25',0.0E0,'O',197672337)
COMMIT
DISCONNECT
/*C13*/INSERT INTO SALE VALUES(48,'2018-05-22',0.0E0,'O',197672337)
COMMIT
DELETE FROM CUSTOMER WHERE ID=1
COMMIT
DELETE FROM SALE WHERE ID=1
COMMIT
DELETE FROM SALE WHERE ID=2
COMMIT
DELETE FROM SALE WHERE ID=48
COMMIT
/*C21*/SET SCHEMA PUBLIC
DELETE FROM CUSTOMER WHERE ID=2
INSERT INTO CUSTOMER VALUES(1,'JOSE FARIA',914276732,197672337)
INSERT INTO CUSTOMER VALUES(2,'LUIS SANTOS',964294317,168027852)
INSERT INTO SALE VALUES(1,'2018-02-02',0.0E0,'O',197672337)
INSERT INTO SALE VALUES(2,'2017-04-25',0.0E0,'O',197672337)
COMMIT
DISCONNECT
/*C13*/DELETE FROM CUSTOMER WHERE ID=1
INSERT INTO CUSTOMER VALUES(1,'JOSE FARIA',914276733,197672337)
COMMIT
/*C22*/SET SCHEMA PUBLIC
DELETE FROM CUSTOMER WHERE ID=1
DELETE FROM CUSTOMER WHERE ID=2
DELETE FROM SALE WHERE ID=1
DELETE FROM SALE WHERE ID=2
INSERT INTO CUSTOMER VALUES(1,'JOSE FARIA',914276732,197672337)
INSERT INTO CUSTOMER VALUES(2,'LUIS SANTOS',964294317,168027852)
INSERT INTO ADDRESS VALUES(1,'FCUL, Campo Grande, Lisboa                                                                          ',197672337)
INSERT INTO ADDRESS VALUES(2,'R. 25 de Abril, 101A, Porto                                                                         ',197672337)
INSERT INTO ADDRESS VALUES(3,'Av Neil Armstrong, Cratera Azul, Lua                                                                ',168027852)
INSERT INTO SALE VALUES(1,'2018-02-02',0.0E0,'O',197672337)
INSERT INTO SALE VALUES(2,'2017-04-25',0.0E0,'O',197672337)
INSERT INTO SALEDELIVERY VALUES(1,1,197672337,2)
INSERT INTO SALEDELIVERY VALUES(2,2,197672337,1)
COMMIT
DISCONNECT
/*C13*/INSERT INTO SALEDELIVERY VALUES(22,1,197672337,3)
COMMIT
/*C23*/SET SCHEMA PUBLIC
DELETE FROM CUSTOMER WHERE ID=1
DELETE FROM CUSTOMER WHERE ID=2
DELETE FROM SALE WHERE ID=1
DELETE FROM SALE WHERE ID=2
DELETE FROM ADDRESS WHERE ID=1
DELETE FROM ADDRESS WHERE ID=2
DELETE FROM ADDRESS WHERE ID=3
DELETE FROM SALEDELIVERY WHERE ID=1
DELETE FROM SALEDELIVERY WHERE ID=2
DELETE FROM SALEDELIVERY WHERE ID=22
INSERT INTO CUSTOMER VALUES(1,'JOSE FARIA',914276732,197672337)
INSERT INTO CUSTOMER VALUES(2,'LUIS SANTOS',964294317,168027852)
INSERT INTO ADDRESS VALUES(1,'FCUL, Campo Grande, Lisboa                                                                          ',197672337)
INSERT INTO ADDRESS VALUES(2,'R. 25 de Abril, 101A, Porto                                                                         ',197672337)
INSERT INTO ADDRESS VALUES(3,'Av Neil Armstrong, Cratera Azul, Lua                                                                ',168027852)
INSERT INTO SALE VALUES(1,'2018-02-02',0.0E0,'O',197672337)
INSERT INTO SALE VALUES(2,'2017-04-25',0.0E0,'O',197672337)
INSERT INTO SALEDELIVERY VALUES(1,1,197672337,2)
INSERT INTO SALEDELIVERY VALUES(2,2,197672337,1)
COMMIT
DISCONNECT
/*C13*/INSERT INTO SALEDELIVERY VALUES(23,1,197672337,1)
COMMIT
